Determining if the pthread_create exist failed with the following output:
Change Dir: /home/lyc/motionPlan/src/path_finding/cmake-build-debug/CMakeFiles/CMakeTmp

Run Build Command:"/usr/local/bin/make" "cmTC_c4d4d/fast"
/usr/local/bin/make -f CMakeFiles/cmTC_c4d4d.dir/build.make CMakeFiles/cmTC_c4d4d.dir/build
make[1]: 进入目录“/home/lyc/motionPlan/src/path_finding/cmake-build-debug/CMakeFiles/CMakeTmp”
Building C object CMakeFiles/cmTC_c4d4d.dir/CheckSymbolExists.c.o
/usr/bin/cc    -o CMakeFiles/cmTC_c4d4d.dir/CheckSymbolExists.c.o   -c /home/lyc/motionPlan/src/path_finding/cmake-build-debug/CMakeFiles/CMakeTmp/CheckSymbolExists.c
Linking C executable cmTC_c4d4d
/home/lyc/clion-2018.1.3/bin/cmake/bin/cmake -E cmake_link_script CMakeFiles/cmTC_c4d4d.dir/link.txt --verbose=1
/usr/bin/cc      -rdynamic CMakeFiles/cmTC_c4d4d.dir/CheckSymbolExists.c.o  -o cmTC_c4d4d 
CMakeFiles/cmTC_c4d4d.dir/CheckSymbolExists.c.o：在函数‘main’中：
CheckSymbolExists.c:(.text+0x16)：对‘pthread_create’未定义的引用
collect2: error: ld returned 1 exit status
make[1]: *** [cmTC_c4d4d] 错误 1
make[1]: 离开目录“/home/lyc/motionPlan/src/path_finding/cmake-build-debug/CMakeFiles/CMakeTmp”
make: *** [cmTC_c4d4d/fast] 错误 2

File /home/lyc/motionPlan/src/path_finding/cmake-build-debug/CMakeFiles/CMakeTmp/CheckSymbolExists.c:
/* */
#include <pthread.h>

int main(int argc, char** argv)
{
  (void)argv;
#ifndef pthread_create
  return ((int*)(&pthread_create))[argc];
#else
  (void)argc;
  return 0;
#endif
}

Determining if the function pthread_create exists in the pthreads failed with the following output:
Change Dir: /home/lyc/motionPlan/src/path_finding/cmake-build-debug/CMakeFiles/CMakeTmp

Run Build Command:"/usr/local/bin/make" "cmTC_ed4ce/fast"
/usr/local/bin/make -f CMakeFiles/cmTC_ed4ce.dir/build.make CMakeFiles/cmTC_ed4ce.dir/build
make[1]: 进入目录“/home/lyc/motionPlan/src/path_finding/cmake-build-debug/CMakeFiles/CMakeTmp”
Building C object CMakeFiles/cmTC_ed4ce.dir/CheckFunctionExists.c.o
/usr/bin/cc   -DCHECK_FUNCTION_EXISTS=pthread_create   -o CMakeFiles/cmTC_ed4ce.dir/CheckFunctionExists.c.o   -c /home/lyc/clion-2018.1.3/bin/cmake/share/cmake-3.10/Modules/CheckFunctionExists.c
Linking C executable cmTC_ed4ce
/home/lyc/clion-2018.1.3/bin/cmake/bin/cmake -E cmake_link_script CMakeFiles/cmTC_ed4ce.dir/link.txt --verbose=1
/usr/bin/cc  -DCHECK_FUNCTION_EXISTS=pthread_create    -rdynamic CMakeFiles/cmTC_ed4ce.dir/CheckFunctionExists.c.o  -o cmTC_ed4ce -lpthreads 
/usr/bin/ld: 找不到 -lpthreads
collect2: error: ld returned 1 exit status
make[1]: *** [cmTC_ed4ce] 错误 1
make[1]: 离开目录“/home/lyc/motionPlan/src/path_finding/cmake-build-debug/CMakeFiles/CMakeTmp”
make: *** [cmTC_ed4ce/fast] 错误 2


